AllOnline/build/outputs/logs/manifest-merger-debug-report.txt
-- Merging decision tree log ---
provider#android.support.v4.content.FileProvider
INJECTED from AllOnline\AndroidManifest.xml:196:9-204:20
	android:grantUriPermissions
		ADDED from AllOnline\AndroidManifest.xml:200:13-47
	android:authorities
		INJECTED from AllOnline\AndroidManifest.xml
		ADDED from AllOnline\AndroidManifest.xml:198:13-65
	android:exported
		ADDED from AllOnline\AndroidManifest.xml:199:13-37
	android:name
		ADDED from AllOnline\AndroidManifest.xml:197:13-67
manifest
ADDED from AllOnline\AndroidManifest.xml:2:1-708:12
INJECTED from AllOnline\AndroidManifest.xml:2:1-708:12
INJECTED from AllOnline\AndroidManifest.xml:2:1-708:12
INJECTED from AllOnline\AndroidManifest.xml:2:1-708:12
MERGED from [com.inuker.bluetooth:library:1.4.0] AndroidManifest.xml:2:1-24:12
MERGED from [com.android.support:multidex:1.0.2] AndroidManifest.xml:17:1-22:12
MERGED from [:camerasdk-2.0.3:] AndroidManifest.xml:2:1-24:12
MERGED from [:gmstatistics-1.3.0:] AndroidManifest.xml:2:1-16:12
MERGED from [:im_sdk-1.3.33:] AndroidManifest.xml:2:1-53:12
MERGED from [:GpnsSdk] AndroidManifest.xml:2:1-14:12
MERGED from [com.android.support:design:26.1.0] AndroidManifest.xml:17:1-31:12
MERGED from [com.android.support:appcompat-v7:26.1.0] AndroidManifest.xml:17:1-31:12
MERGED from [com.android.support:transition:26.1.0] AndroidManifest.xml:17:1-28:12
MERGED from [com.google.android.gms:play-services-auth:15.0.1] AndroidManifest.xml:17:1-39:12
MERGED from [com.google.android.gms:play-services-gcm:16.0.0] AndroidManifest.xml:17:1-28:12
MERGED from [com.google.android.gms:play-services-location:16.0.0] AndroidManifest.xml:2:1-9:12
MERGED from [com.google.android.gms:play-services-auth-api-phone:15.0.1] AndroidManifest.xml:2:1-7:12
MERGED from [com.google.android.gms:play-services-auth-base:15.0.1] AndroidManifest.xml:2:1-7:12
MERGED from [com.google.android.gms:play-services-iid:16.0.0] AndroidManifest.xml:17:1-28:12
MERGED from [com.google.android.gms:play-services-stats:16.0.1] AndroidManifest.xml:2:1-9:12
MERGED from [com.google.android.gms:play-services-places-placereport:16.0.0] AndroidManifest.xml:17:1-24:12
MERGED from [com.google.android.gms:play-services-maps:16.0.0] AndroidManifest.xml:17:1-32:12
MERGED from [com.google.android.gms:play-services-base:16.0.1] AndroidManifest.xml:17:1-29:12
MERGED from [com.google.android.gms:play-services-tasks:16.0.1] AndroidManifest.xml:2:1-9:12
MERGED from [com.google.android.gms:play-services-basement:16.0.1] AndroidManifest.xml:17:1-28:12
MERGED from [com.android.support:support-v4:26.1.0] AndroidManifest.xml:17:1-31:12
MERGED from [com.android.support:recyclerview-v7:26.1.0] AndroidManifest.xml:17:1-28:12
MERGED from [com.android.support:cardview-v7:26.1.0] AndroidManifest.xml:17:1-28:12
MERGED from [com.android.support.constraint:constraint-layout:1.1.3] AndroidManifest.xml:2:1-11:12
MERGED from [se.emilsjolander:stickylistheaders:2.7.0] AndroidManifest.xml:2:1-11:12
MERGED from [com.github.tbruyelle:rxpermissions:0.10.2] AndroidManifest.xml:2:1-11:12
MERGED from [com.jakewharton.rxbinding2:rxbinding:2.0.0] AndroidManifest.xml:2:1-8:12
MERGED from [io.reactivex.rxjava2:rxandroid:2.0.1] AndroidManifest.xml:15:1-21:12
MERGED from [com.tencent.bugly:crashreport:2.6.6] AndroidManifest.xml:2:1-9:12
MERGED from [com.tencent.bugly:nativecrashreport:3.3.1] AndroidManifest.xml:2:1-9:12
MERGED from [com.tencent.tinker:tinker-android-lib:1.9.14] AndroidManifest.xml:2:1-37:12
MERGED from [com.meituan.android.walle:library:1.1.6] AndroidManifest.xml:2:1-13:12
MERGED from [com.jakewharton:butterknife:8.8.1] AndroidManifest.xml:2:1-7:12
MERGED from [com.yanzhenjie:recyclerview-swipe:1.2.0] AndroidManifest.xml:17:1-24:12
MERGED from [com.android.support:support-media-compat:26.1.0] AndroidManifest.xml:17:1-31:12
MERGED from [com.android.support:support-fragment:26.1.0] AndroidManifest.xml:17:1-31:12
MERGED from [com.android.support:support-core-utils:26.1.0] AndroidManifest.xml:17:1-31:12
MERGED from [com.android.support:animated-vector-drawable:26.1.0] AndroidManifest.xml:17:1-28:12
MERGED from [com.android.support:support-core-ui:26.1.0] AndroidManifest.xml:17:1-31:12
MERGED from [com.android.support:support-vector-drawable:26.1.0] AndroidManifest.xml:17:1-28:12
MERGED from [com.android.support:support-compat:26.1.0] AndroidManifest.xml:17:1-31:12
MERGED from [com.tencent.tinker:tinker-android-loader:1.9.14] AndroidManifest.xml:2:1-161:12
MERGED from [android.arch.lifecycle:runtime:1.0.0] AndroidManifest.xml:17:1-30:12
INJECTED from AllOnline\AndroidManifest.xml:2:1-708:12
INJECTED from AllOnline\AndroidManifest.xml:2:1-708:12
INJECTED from AllOnline\AndroidManifest.xml:2:1-708:12
	package
		ADDED from AllOnline\AndroidManifest.xml:4:5-33
		INJECTED from AllOnline\AndroidManifest.xml
		INJECTED from AllOnline\AndroidManifest.xml
	android:versionName
		INJECTED from AllOnline\AndroidManifest.xml
		ADDED from AllOnline\AndroidManifest.xml:2:1-708:12
		INJECTED from AllOnline\AndroidManifest.xml
	xmlns:tools
		ADDED from AllOnline\AndroidManifest.xml:3:5-51
	android:versionCode
		INJECTED from AllOnline\AndroidManifest.xml
		ADDED from AllOnline\AndroidManifest.xml:2:1-708:12
		INJECTED from AllOnline\AndroidManifest.xml
	xmlns:android
		ADDED from AllOnline\AndroidManifest.xml:2:11-69
supports-screens
ADDED from AllOnline\AndroidManifest.xml:6:5-12:40
	android:largeScreens
		ADDED from AllOnline\AndroidManifest.xml:8:9-36
	android:smallScreens
		ADDED from AllOnline\AndroidManifest.xml:11:9-36
	android:normalScreens
		ADDED from AllOnline\AndroidManifest.xml:9:9-37
	android:xlargeScreens
		ADDED from AllOnline\AndroidManifest.xml:12:9-37
	android:resizeable
		ADDED from AllOnline\AndroidManifest.xml:10:9-34
	android:anyDensity
		ADDED from AllOnline\AndroidManifest.xml:7:9-34
uses-permission#android.permission.INTERNET
ADDED from AllOnline\AndroidManifest.xml:14:5-67
MERGED from [:camerasdk-2.0.3:] AndroidManifest.xml:13:5-67
MERGED from [:camerasdk-2.0.3:] AndroidManifest.xml:13:5-67
MERGED from [com.google.android.gms:play-services-gcm:16.0.0] AndroidManifest.xml:24:5-67
MERGED from [com.google.android.gms:play-services-gcm:16.0.0] AndroidManifest.xml:24:5-67
MERGED from [com.google.android.gms:play-services-iid:16.0.0] AndroidManifest.xml:24:5-67
MERGED from [com.google.android.gms:play-services-iid:16.0.0] AndroidManifest.xml:24:5-67
MERGED from [com.google.android.gms:play-services-maps:16.0.0] AndroidManifest.xml:24:5-67
MERGED from [com.google.android.gms:play-services-maps:16.0.0] AndroidManifest.xml:24:5-67
	android:name
		ADDED from AllOnline\AndroidManifest.xml:14:22-64
uses-permission#android.permission.ACCESS_NETWORK_STATE
ADDED from AllOnline\AndroidManifest.xml:15:5-79
MERGED from [:camerasdk-2.0.3:] AndroidManifest.xml:11:5-79
MERGED from [:camerasdk-2.0.3:] AndroidManifest.xml:11:5-79
MERGED from [com.google.android.gms:play-services-maps:16.0.0] AndroidManifest.xml:23:5-79
MERGED from [com.google.android.gms:play-services-maps:16.0.0] AndroidManifest.xml:23:5-79
	android:name
		ADDED from AllOnline\AndroidManifest.xml:15:22-76
uses-permission#android.permission.ACCESS_WIFI_STATE
ADDED from AllOnline\AndroidManifest.xml:16:5-76
MERGED from [:camerasdk-2.0.3:] AndroidManifest.xml:12:5-76
MERGED from [:camerasdk-2.0.3:] AndroidManifest.xml:12:5-76
MERGED from [:im_sdk-1.3.33:] AndroidManifest.xml:14:5-76
MERGED from [:im_sdk-1.3.33:] AndroidManifest.xml:14:5-76
	android:name
		ADDED from AllOnline\AndroidManifest.xml:16:22-73
uses-permission#android.permission.CHANGE_WIFI_STATE
ADDED from AllOnline\AndroidManifest.xml:17:5-76
	android:name
		ADDED from AllOnline\AndroidManifest.xml:17:22-73
uses-permission#android.permission.WAKE_LOCK
ADDED from AllOnline\AndroidManifest.xml:18:5-68
	android:name
		ADDED from AllOnline\AndroidManifest.xml:18:22-65
uses-permission#android.permission.VIBRATE
ADDED from AllOnline\AndroidManifest.xml:19:5-66
	android:name
		ADDED from AllOnline\AndroidManifest.xml:19:22-63
uses-permission#android.permission.RECEIVE_BOOT_COMPLETED
ADDED from AllOnline\AndroidManifest.xml:20:5-81
	android:name
		ADDED from AllOnline\AndroidManifest.xml:20:22-78
uses-permission#android.permission.BROADCAST_STICKY
ADDED from AllOnline\AndroidManifest.xml:21:5-75
	android:name
		ADDED from AllOnline\AndroidManifest.xml:21:22-72
uses-permission#android.permission.BLUETOOTH
ADDED from AllOnline\AndroidManifest.xml:22:5-68
MERGED from [com.inuker.bluetooth:library:1.4.0] AndroidManifest.xml:11:5-68
MERGED from [com.inuker.bluetooth:library:1.4.0] AndroidManifest.xml:11:5-68
	android:name
		ADDED from AllOnline\AndroidManifest.xml:22:22-65
uses-permission#android.permission.BLUETOOTH_ADMIN
ADDED from AllOnline\AndroidManifest.xml:23:5-74
MERGED from [com.inuker.bluetooth:library:1.4.0] AndroidManifest.xml:12:5-74
MERGED from [com.inuker.bluetooth:library:1.4.0] AndroidManifest.xml:12:5-74
	android:name
		ADDED from AllOnline\AndroidManifest.xml:23:22-71
uses-permission#android.permission.SYSTEM_ALERT_WINDOW
ADDED from AllOnline\AndroidManifest.xml:24:5-78
	android:name
		ADDED from AllOnline\AndroidManifest.xml:24:22-75
uses-permission#android.permission.MANAGE_ACCOUNTS
ADDED from AllOnline\AndroidManifest.xml:25:5-74
	android:name
		ADDED from AllOnline\AndroidManifest.xml:25:22-71
uses-permission#android.permission.USE_CREDENTIALS
ADDED from AllOnline\AndroidManifest.xml:26:5-74
	android:name
		ADDED from AllOnline\AndroidManifest.xml:26:22-71
uses-permission#android.permission.AUTHENTICATE_ACCOUNTS
ADDED from AllOnline\AndroidManifest.xml:27:5-80
	android:name
		ADDED from AllOnline\AndroidManifest.xml:27:22-77
uses-permission#android.permission.MODIFY_AUDIO_SETTINGS
ADDED from AllOnline\AndroidManifest.xml:28:5-80
	android:name
		ADDED from AllOnline\AndroidManifest.xml:28:22-77
uses-permission#android.permission.RECEIVE_USER_PRESENT
ADDED from AllOnline\AndroidManifest.xml:29:5-79
	android:name
		ADDED from AllOnline\AndroidManifest.xml:29:22-76
uses-permission#android.permission.REQUEST_INSTALL_PACKAGES
ADDED from AllOnline\AndroidManifest.xml:30:5-83
	android:name
		ADDED from AllOnline\AndroidManifest.xml:30:22-80
uses-permission#android.permission.WRITE_EXTERNAL_STORAGE
ADDED from AllOnline\AndroidManifest.xml:31:5-81
MERGED from [:camerasdk-2.0.3:] AndroidManifest.xml:15:5-81
MERGED from [:camerasdk-2.0.3:] AndroidManifest.xml:15:5-81
	android:name
		ADDED from AllOnline\AndroidManifest.xml:31:22-78
uses-permission#android.permission.READ_EXTERNAL_STORAGE
ADDED from AllOnline\AndroidManifest.xml:32:5-80
MERGED from [:camerasdk-2.0.3:] AndroidManifest.xml:16:5-80
MERGED from [:camerasdk-2.0.3:] AndroidManifest.xml:16:5-80
	android:name
		ADDED from AllOnline\AndroidManifest.xml:32:22-77
uses-permission#android.permission.ACCESS_COARSE_LOCATION
ADDED from AllOnline\AndroidManifest.xml:33:5-81
MERGED from [com.inuker.bluetooth:library:1.4.0] AndroidManifest.xml:14:5-81
MERGED from [com.inuker.bluetooth:library:1.4.0] AndroidManifest.xml:14:5-81
MERGED from [:im_sdk-1.3.33:] AndroidManifest.xml:11:5-81
MERGED from [:im_sdk-1.3.33:] AndroidManifest.xml:11:5-81
	android:name
		ADDED from AllOnline\AndroidManifest.xml:33:22-78
uses-permission#android.permission.ACCESS_FINE_LOCATION
ADDED from AllOnline\AndroidManifest.xml:34:5-79
MERGED from [com.inuker.bluetooth:library:1.4.0] AndroidManifest.xml:13:5-79
MERGED from [com.inuker.bluetooth:library:1.4.0] AndroidManifest.xml:13:5-79
MERGED from [:im_sdk-1.3.33:] AndroidManifest.xml:12:5-79
MERGED from [:im_sdk-1.3.33:] AndroidManifest.xml:12:5-79
	android:name
		ADDED from AllOnline\AndroidManifest.xml:34:22-76
uses-permission#android.permission.READ_PHONE_STATE
ADDED from AllOnline\AndroidManifest.xml:35:5-75
	android:name
		ADDED from AllOnline\AndroidManifest.xml:35:22-72
uses-permission#android.permission.CALL_PHONE
ADDED from AllOnline\AndroidManifest.xml:36:5-69
	android:name
		ADDED from AllOnline\AndroidManifest.xml:36:22-66
uses-permission#android.permission.ACCESS_MOCK_LOCATION
ADDED from AllOnline\AndroidManifest.xml:37:5-39:39
	tools:ignore
		ADDED from AllOnline\AndroidManifest.xml:39:9-36
	android:name
		ADDED from AllOnline\AndroidManifest.xml:38:9-63
uses-permission#android.permission.GET_TASKS
ADDED from AllOnline\AndroidManifest.xml:40:5-68
	android:name
		ADDED from AllOnline\AndroidManifest.xml:40:22-65
uses-permission#android.permission.WRITE_SETTINGS
ADDED from AllOnline\AndroidManifest.xml:41:5-73
	android:name
		ADDED from AllOnline\AndroidManifest.xml:41:22-70
uses-permission#android.permission.READ_LOGS
ADDED from AllOnline\AndroidManifest.xml:42:5-68
	android:name
		ADDED from AllOnline\AndroidManifest.xml:42:22-65
uses-permission#android.permission.CHANGE_CONFIGURATION
ADDED from AllOnline\AndroidManifest.xml:43:5-79
	android:name
		ADDED from AllOnline\AndroidManifest.xml:43:22-76
uses-permission#com.android.launcher.permission.READ_SETTINGS
ADDED from AllOnline\AndroidManifest.xml:44:5-85
	android:name
		ADDED from AllOnline\AndroidManifest.xml:44:22-82
uses-permission#com.coomix.app.all.permission.MAPS_RECEIVE
ADDED from AllOnline\AndroidManifest.xml:45:5-82
	android:name
		ADDED from AllOnline\AndroidManifest.xml:45:22-79
uses-permission#com.google.android.providers.gsf.permission.READ_GSERVICES
ADDED from AllOnline\AndroidManifest.xml:46:5-98
	android:name
		ADDED from AllOnline\AndroidManifest.xml:46:22-95
uses-permission#com.sec.android.provider.badge.permission.READ
ADDED from AllOnline\AndroidManifest.xml:48:5-86
	android:name
		ADDED from AllOnline\AndroidManifest.xml:48:22-83
uses-permission#com.sec.android.provider.badge.permission.WRITE
ADDED from AllOnline\AndroidManifest.xml:49:5-87
	android:name
		ADDED from AllOnline\AndroidManifest.xml:49:22-84
uses-permission#com.htc.launcher.permission.READ_SETTINGS
ADDED from AllOnline\AndroidManifest.xml:50:5-81
	android:name
		ADDED from AllOnline\AndroidManifest.xml:50:22-78
uses-permission#com.htc.launcher.permission.UPDATE_SHORTCUT
ADDED from AllOnline\AndroidManifest.xml:51:5-83
	android:name
		ADDED from AllOnline\AndroidManifest.xml:51:22-80
uses-permission#com.sonyericsson.home.permission.BROADCAST_BADGE
ADDED from AllOnline\AndroidManifest.xml:52:5-88
	android:name
		ADDED from AllOnline\AndroidManifest.xml:52:22-85
uses-permission#com.sonymobile.home.permission.PROVIDER_INSERT_BADGE
ADDED from AllOnline\AndroidManifest.xml:53:5-92
	android:name
		ADDED from AllOnline\AndroidManifest.xml:53:22-89
uses-permission#com.anddoes.launcher.permission.UPDATE_COUNT
ADDED from AllOnline\AndroidManifest.xml:54:5-84
	android:name
		ADDED from AllOnline\AndroidManifest.xml:54:22-81
uses-permission#com.majeur.launcher.permission.UPDATE_BADGE
ADDED from AllOnline\AndroidManifest.xml:55:5-83
	android:name
		ADDED from AllOnline\AndroidManifest.xml:55:22-80
uses-permission#com.huawei.android.launcher.permission.CHANGE_BADGE
ADDED from AllOnline\AndroidManifest.xml:56:5-91
	android:name
		ADDED from AllOnline\AndroidManifest.xml:56:22-88
uses-permission#com.huawei.android.launcher.permission.READ_SETTINGS
ADDED from AllOnline\AndroidManifest.xml:57:5-92
	android:name
		ADDED from AllOnline\AndroidManifest.xml:57:22-89
uses-permission#com.huawei.android.launcher.permission.WRITE_SETTINGS
ADDED from AllOnline\AndroidManifest.xml:58:5-93
	android:name
		ADDED from AllOnline\AndroidManifest.xml:58:22-90
uses-feature#0x00020000
ADDED from AllOnline\AndroidManifest.xml:60:5-62:35
MERGED from [com.google.android.gms:play-services-maps:16.0.0] AndroidManifest.xml:26:5-28:35
MERGED from [com.google.android.gms:play-services-maps:16.0.0] AndroidManifest.xml:26:5-28:35
	android:glEsVersion
		ADDED from AllOnline\AndroidManifest.xml:61:9-41
	android:required
		ADDED from AllOnline\AndroidManifest.xml:62:9-32
application
ADDED from AllOnline\AndroidManifest.xml:64:5-706:19
MERGED from [com.inuker.bluetooth:library:1.4.0] AndroidManifest.xml:20:5-22:19
MERGED from [com.inuker.bluetooth:library:1.4.0] AndroidManifest.xml:20:5-22:19
MERGED from [:camerasdk-2.0.3:] AndroidManifest.xml:19:5-22:19
MERGED from [:camerasdk-2.0.3:] AndroidManifest.xml:19:5-22:19
MERGED from [:gmstatistics-1.3.0:] AndroidManifest.xml:11:5-14:19
MERGED from [:gmstatistics-1.3.0:] AndroidManifest.xml:11:5-14:19
MERGED from [:im_sdk-1.3.33:] AndroidManifest.xml:16:5-51:19
MERGED from [:im_sdk-1.3.33:] AndroidManifest.xml:16:5-51:19
MERGED from [:GpnsSdk] AndroidManifest.xml:11:5-12:19
MERGED from [:GpnsSdk] AndroidManifest.xml:11:5-12:19
MERGED from [com.android.support:design:26.1.0] AndroidManifest.xml:25:5-29:19
MERGED from [com.android.support:design:26.1.0] AndroidManifest.xml:25:5-29:19
MERGED from [com.android.support:appcompat-v7:26.1.0] AndroidManifest.xml:25:5-29:19
MERGED from [com.android.support:appcompat-v7:26.1.0] AndroidManifest.xml:25:5-29:19
MERGED from [com.android.support:transition:26.1.0] AndroidManifest.xml:22:5-26:19
MERGED from [com.android.support:transition:26.1.0] AndroidManifest.xml:22:5-26:19
MERGED from [com.google.android.gms:play-services-auth:15.0.1] AndroidManifest.xml:22:5-37:19
MERGED from [com.google.android.gms:play-services-auth:15.0.1] AndroidManifest.xml:22:5-37:19
MERGED from [com.google.android.gms:play-services-gcm:16.0.0] AndroidManifest.xml:26:5-20
MERGED from [com.google.android.gms:play-services-gcm:16.0.0] AndroidManifest.xml:26:5-20
MERGED from [com.google.android.gms:play-services-location:16.0.0] AndroidManifest.xml:7:5-20
MERGED from [com.google.android.gms:play-services-location:16.0.0] AndroidManifest.xml:7:5-20
MERGED from [com.google.android.gms:play-services-iid:16.0.0] AndroidManifest.xml:26:5-20
MERGED from [com.google.android.gms:play-services-iid:16.0.0] AndroidManifest.xml:26:5-20
MERGED from [com.google.android.gms:play-services-stats:16.0.1] AndroidManifest.xml:7:5-20
MERGED from [com.google.android.gms:play-services-stats:16.0.1] AndroidManifest.xml:7:5-20
MERGED from [com.google.android.gms:play-services-places-placereport:16.0.0] AndroidManifest.xml:22:5-20
MERGED from [com.google.android.gms:play-services-places-placereport:16.0.0] AndroidManifest.xml:22:5-20
MERGED from [com.google.android.gms:play-services-maps:16.0.0] AndroidManifest.xml:30:5-20
MERGED from [com.google.android.gms:play-services-maps:16.0.0] AndroidManifest.xml:30:5-20
MERGED from [com.google.android.gms:play-services-base:16.0.1] AndroidManifest.xml:22:5-27:19
MERGED from [com.google.android.gms:play-services-base:16.0.1] AndroidManifest.xml:22:5-27:19
MERGED from [com.google.android.gms:play-services-tasks:16.0.1] AndroidManifest.xml:7:5-20
MERGED from [com.google.android.gms:play-services-tasks:16.0.1] AndroidManifest.xml:7:5-20
MERGED from [com.google.android.gms:play-services-basement:16.0.1] AndroidManifest.xml:22:5-26:19
MERGED from [com.google.android.gms:play-services-basement:16.0.1] AndroidManifest.xml:22:5-26:19
MERGED from [com.android.support:support-v4:26.1.0] AndroidManifest.xml:25:5-29:19
MERGED from [com.android.support:support-v4:26.1.0] AndroidManifest.xml:25:5-29:19
MERGED from [com.android.support:recyclerview-v7:26.1.0] AndroidManifest.xml:22:5-26:19
MERGED from [com.android.support:recyclerview-v7:26.1.0] AndroidManifest.xml:22:5-26:19
MERGED from [com.android.support:cardview-v7:26.1.0] AndroidManifest.xml:22:5-26:19
MERGED from [com.android.support:cardview-v7:26.1.0] AndroidManifest.xml:22:5-26:19
MERGED from [com.android.support.constraint:constraint-layout:1.1.3] AndroidManifest.xml:9:5-20
MERGED from [com.android.support.constraint:constraint-layout:1.1.3] AndroidManifest.xml:9:5-20
MERGED from [com.github.tbruyelle:rxpermissions:0.10.2] AndroidManifest.xml:9:5-20
MERGED from [com.github.tbruyelle:rxpermissions:0.10.2] AndroidManifest.xml:9:5-20
MERGED from [com.tencent.tinker:tinker-android-lib:1.9.14] AndroidManifest.xml:9:5-35:19
MERGED from [com.tencent.tinker:tinker-android-lib:1.9.14] AndroidManifest.xml:9:5-35:19
MERGED from [com.meituan.android.walle:library:1.1.6] AndroidManifest.xml:10:5-11:19
MERGED from [com.meituan.android.walle:library:1.1.6] AndroidManifest.xml:10:5-11:19
MERGED from [com.android.support:support-media-compat:26.1.0] AndroidManifest.xml:25:5-29:19
MERGED from [com.android.support:support-media-compat:26.1.0] AndroidManifest.xml:25:5-29:19
MERGED from [com.android.support:support-fragment:26.1.0] AndroidManifest.xml:25:5-29:19
MERGED from [com.android.support:support-fragment:26.1.0] AndroidManifest.xml:25:5-29:19
MERGED from [com.android.support:support-core-utils:26.1.0] AndroidManifest.xml:25:5-29:19
MERGED from [com.android.support:support-core-utils:26.1.0] AndroidManifest.xml:25:5-29:19
MERGED from [com.android.support:animated-vector-drawable:26.1.0] AndroidManifest.xml:22:5-26:19
MERGED from [com.android.support:animated-vector-drawable:26.1.0] AndroidManifest.xml:22:5-26:19
MERGED from [com.android.support:support-core-ui:26.1.0] AndroidManifest.xml:25:5-29:19
MERGED from [com.android.support:support-core-ui:26.1.0] AndroidManifest.xml:25:5-29:19
MERGED from [com.android.support:support-vector-drawable:26.1.0] AndroidManifest.xml:22:5-26:19
MERGED from [com.android.support:support-vector-drawable:26.1.0] AndroidManifest.xml:22:5-26:19
MERGED from [com.android.support:support-compat:26.1.0] AndroidManifest.xml:25:5-29:19
MERGED from [com.android.support:support-compat:26.1.0] AndroidManifest.xml:25:5-29:19
MERGED from [com.tencent.tinker:tinker-android-loader:1.9.14] AndroidManifest.xml:9:5-159:19
MERGED from [com.tencent.tinker:tinker-android-loader:1.9.14] AndroidManifest.xml:9:5-159:19
MERGED from [android.arch.lifecycle:runtime:1.0.0] AndroidManifest.xml:24:5-28:19
MERGED from [android.arch.lifecycle:runtime:1.0.0] AndroidManifest.xml:24:5-28:19
	android:supportsRtl
		ADDED from [:camerasdk-2.0.3:] AndroidManifest.xml:21:9-35
	android:label
		ADDED from AllOnline\AndroidManifest.xml:69:9-41
	android:hardwareAccelerated
		ADDED from AllOnline\AndroidManifest.xml:67:9-43
	android:persistent
		ADDED from AllOnline\AndroidManifest.xml:70:9-34
	android:icon
		ADDED from AllOnline\AndroidManifest.xml:68:9-45
	android:allowBackup
		ADDED from AllOnline\AndroidManifest.xml:66:9-35
	android:theme
		ADDED from AllOnline\AndroidManifest.xml:71:9-53
	android:name
		ADDED from AllOnline\AndroidManifest.xml:65:9-39
activity#com.coomix.app.all.ui.unlock.UnLockActivity
ADDED from AllOnline\AndroidManifest.xml:72:9-71
	android:name
		ADDED from AllOnline\AndroidManifest.xml:72:19-59
activity#com.coomix.app.all.gpns.FilterActivity
ADDED from AllOnline\AndroidManifest.xml:75:9-79:60
	android:launchMode
		ADDED from AllOnline\AndroidManifest.xml:78:13-43
	android:configChanges
		ADDED from AllOnline\AndroidManifest.xml:77:13-43
	android:theme
		ADDED from AllOnline\AndroidManifest.xml:79:13-57
	android:name
		ADDED from AllOnline\AndroidManifest.xml:76:13-48
service#com.goome.gpns.service.GPNSService
ADDED from AllOnline\AndroidManifest.xml:81:9-83:46
	android:process
		ADDED from AllOnline\AndroidManifest.xml:83:13-43
	android:name
		ADDED from AllOnline\AndroidManifest.xml:82:13-62
receiver#com.goome.gpns.service.MyBroadcastReceiver
ADDED from AllOnline\AndroidManifest.xml:85:9-92:20
	android:name
		ADDED from AllOnline\AndroidManifest.xml:85:19-76
intent-filter#action:name:android.intent.action.BOOT_COMPLETED+action:name:android.intent.action.SCREEN_ON+action:name:android.intent.action.USER_PRESENT+action:name:android.net.conn.CONNECTIVITY_CHANGE
ADDED from AllOnline\AndroidManifest.xml:86:13-91:29
action#android.intent.action.BOOT_COMPLETED
ADDED from AllOnline\AndroidManifest.xml:87:17-79
	android:name
		ADDED from AllOnline\AndroidManifest.xml:87:25-76
action#android.intent.action.USER_PRESENT
ADDED from AllOnline\AndroidManifest.xml:88:17-77
	android:name
		ADDED from AllOnline\AndroidManifest.xml:88:25-74
action#android.intent.action.SCREEN_ON
ADDED from AllOnline\AndroidManifest.xml:89:17-74
	android:name
		ADDED from AllOnline\AndroidManifest.xml:89:25-71
action#android.net.conn.CONNECTIVITY_CHANGE
ADDED from AllOnline\AndroidManifest.xml:90:17-79
	android:name
		ADDED from AllOnline\AndroidManifest.xml:90:25-76
receiver#com.coomix.app.all.gpns.GPNSReceiver
ADDED from AllOnline\AndroidManifest.xml:93:9-95:40
	android:exported
		ADDED from AllOnline\AndroidManifest.xml:95:13-37
	android:name
		ADDED from AllOnline\AndroidManifest.xml:94:13-46
service#com.coomix.app.all.service.GPNSIntentService
ADDED from AllOnline\AndroidManifest.xml:97:9-99:40
	android:exported
		ADDED from AllOnline\AndroidManifest.xml:99:13-37
	android:name
		ADDED from AllOnline\AndroidManifest.xml:98:13-54
provider#com.goome.gpns.contentprovider.GpnsProvider
ADDED from AllOnline\AndroidManifest.xml:101:9-103:56
	android:authorities
		ADDED from AllOnline\AndroidManifest.xml:103:13-53
	android:name
		ADDED from AllOnline\AndroidManifest.xml:102:13-71
meta-data#com.google.android.gms.version
ADDED from AllOnline\AndroidManifest.xml:105:9-108:44
MERGED from [com.google.android.gms:play-services-basement:16.0.1] AndroidManifest.xml:23:9-25:69
MERGED from [com.google.android.gms:play-services-basement:16.0.1] AndroidManifest.xml:23:9-25:69
	tools:replace
		ADDED from AllOnline\AndroidManifest.xml:108:13-42
	android:value
		ADDED from AllOnline\AndroidManifest.xml:107:13-66
		REJECTED from [com.google.android.gms:play-services-basement:16.0.1] AndroidManifest.xml:25:13-66
	android:name
		ADDED from AllOnline\AndroidManifest.xml:106:13-58
meta-data#com.baidu.lbsapi.API_KEY
ADDED from AllOnline\AndroidManifest.xml:134:9-137:44
	tools:replace
		ADDED from AllOnline\AndroidManifest.xml:137:13-42
	android:value
		ADDED from AllOnline\AndroidManifest.xml:136:13-61
	android:name
		ADDED from AllOnline\AndroidManifest.xml:135:13-52
meta-data#com.google.android.maps.v2.API_KEY
ADDED from AllOnline\AndroidManifest.xml:138:9-141:44
	tools:replace
		ADDED from AllOnline\AndroidManifest.xml:141:13-42
	android:value
		ADDED from AllOnline\AndroidManifest.xml:140:13-68
	android:name
		ADDED from AllOnline\AndroidManifest.xml:139:13-62
meta-data#com.amap.api.v2.apikey
ADDED from AllOnline\AndroidManifest.xml:144:9-147:44
	tools:replace
		ADDED from AllOnline\AndroidManifest.xml:147:13-42
	android:value
		ADDED from AllOnline\AndroidManifest.xml:146:13-61
	android:name
		ADDED from AllOnline\AndroidManifest.xml:145:13-50
meta-data#TencentMapSDK
ADDED from AllOnline\AndroidManifest.xml:148:9-151:44
	tools:replace
		ADDED from AllOnline\AndroidManifest.xml:151:13-42
	android:value
		ADDED from AllOnline\AndroidManifest.xml:150:13-64
	android:name
		ADDED from AllOnline\AndroidManifest.xml:149:13-41
meta-data#UMENG_APPKEY
ADDED from AllOnline\AndroidManifest.xml:152:9-155:44
	tools:replace
		ADDED from AllOnline\AndroidManifest.xml:155:13-42
	android:value
		ADDED from AllOnline\AndroidManifest.xml:154:13-53
	android:name
		ADDED from AllOnline\AndroidManifest.xml:153:13-40
meta-data#GPNS_APP_ID
ADDED from AllOnline\AndroidManifest.xml:156:9-159:44
	tools:replace
		ADDED from AllOnline\AndroidManifest.xml:159:13-42
	android:value
		ADDED from AllOnline\AndroidManifest.xml:158:13-33
	android:name
		ADDED from AllOnline\AndroidManifest.xml:157:13-39
meta-data#INSTRUCTION_URL
ADDED from AllOnline\AndroidManifest.xml:160:9-163:44
	tools:replace
		ADDED from AllOnline\AndroidManifest.xml:163:13-42
	android:value
		ADDED from AllOnline\AndroidManifest.xml:162:13-72
	android:name
		ADDED from AllOnline\AndroidManifest.xml:161:13-43
meta-data#GM_BID
ADDED from AllOnline\AndroidManifest.xml:164:9-167:44
	tools:replace
		ADDED from AllOnline\AndroidManifest.xml:167:13-42
	android:value
		ADDED from AllOnline\AndroidManifest.xml:166:13-33
	android:name
		ADDED from AllOnline\AndroidManifest.xml:165:13-34
meta-data#android.max_aspect
ADDED from AllOnline\AndroidManifest.xml:171:9-174:44
	tools:replace
		ADDED from AllOnline\AndroidManifest.xml:174:13-42
	android:value
		ADDED from AllOnline\AndroidManifest.xml:173:13-32
	android:name
		ADDED from AllOnline\AndroidManifest.xml:172:13-46
service#com.baidu.location.f
ADDED from AllOnline\AndroidManifest.xml:176:9-179:41
	android:process
		ADDED from AllOnline\AndroidManifest.xml:179:13-38
	android:enabled
		ADDED from AllOnline\AndroidManifest.xml:178:13-35
	android:name
		ADDED from AllOnline\AndroidManifest.xml:177:13-48
service#com.amap.api.location.APSService
ADDED from AllOnline\AndroidManifest.xml:180:9-68
	android:name
		ADDED from AllOnline\AndroidManifest.xml:180:18-65
service#com.coomix.app.all.service.AllOnlineAppService
ADDED from AllOnline\AndroidManifest.xml:181:9-64
	android:name
		ADDED from AllOnline\AndroidManifest.xml:181:18-61
service#com.coomix.app.all.service.CheckVersionService
ADDED from AllOnline\AndroidManifest.xml:190:9-64
	android:name
		ADDED from AllOnline\AndroidManifest.xml:190:18-61
service#com.coomix.app.all.service.DownloadingService
ADDED from AllOnline\AndroidManifest.xml:191:9-63
	android:name
		ADDED from AllOnline\AndroidManifest.xml:191:18-60
service#com.coomix.app.all.service.PatchResultService
ADDED from AllOnline\AndroidManifest.xml:192:9-194:72
	android:permission
		ADDED from AllOnline\AndroidManifest.xml:194:13-69
	android:name
		ADDED from AllOnline\AndroidManifest.xml:193:13-55
activity#com.coomix.app.all.ui.update.GoomeUpdateDialogActivity
ADDED from AllOnline\AndroidManifest.xml:206:9-210:60
	android:screenOrientation
		ADDED from AllOnline\AndroidManifest.xml:209:13-49
	android:configChanges
		ADDED from AllOnline\AndroidManifest.xml:208:13-81
	android:theme
		ADDED from AllOnline\AndroidManifest.xml:210:13-57
	android:name
		ADDED from AllOnline\AndroidManifest.xml:207:13-64
service#com.coomix.app.all.service.OfflineMapService
ADDED from AllOnline\AndroidManifest.xml:212:9-62
	android:name
		ADDED from AllOnline\AndroidManifest.xml:212:18-59
activity#com.coomix.app.all.ui.setting.SettingActivity
ADDED from AllOnline\AndroidManifest.xml:214:9-220:60
	android:screenOrientation
		ADDED from AllOnline\AndroidManifest.xml:219:13-49
	android:label